<?xml version="1.0" encoding="UTF-8"?>
<testng-results ignored="0" total="1" passed="1" failed="0" skipped="0">
  <reporter-output>
  </reporter-output>
  <suite started-at="2021-01-13T18:15:50 EST" name="All Test Suite" finished-at="2021-01-13T18:15:51 EST" duration-ms="943">
    <groups>
    </groups>
    <test started-at="2021-01-13T18:15:50 EST" name="Smoke" finished-at="2021-01-13T18:15:51 EST" duration-ms="943">
      <class name="testHome.HomePageTest">
        <test-method is-config="true" signature="initializeDriver(java.lang.String, java.lang.String)[pri:0, instance:testHome.HomePageTest@2df3b89c]" started-at="2021-01-13T18:15:44 EST" name="initializeDriver" finished-at="2021-01-13T18:15:50 EST" duration-ms="5738" status="PASS">
          <params>
            <param index="0">
              <value>
                <![CDATA[firefox]]>
              </value>
            </param>
            <param index="1">
              <value>
                <![CDATA[https://www.facebook.com/]]>
              </value>
            </param>
          </params>
          <reporter-output>
          </reporter-output>
        </test-method> <!-- initializeDriver -->
        <test-method is-config="true" signature="getInit()[pri:0, instance:testHome.HomePageTest@2df3b89c]" started-at="2021-01-13T18:15:50 EST" name="getInit" finished-at="2021-01-13T18:15:50 EST" duration-ms="5" status="PASS">
          <reporter-output>
          </reporter-output>
        </test-method> <!-- getInit -->
        <test-method signature="loginTitleTest()[pri:0, instance:testHome.HomePageTest@2df3b89c]" started-at="2021-01-13T18:15:50 EST" name="loginTitleTest" finished-at="2021-01-13T18:15:50 EST" duration-ms="2" status="PASS">
          <reporter-output>
          </reporter-output>
        </test-method> <!-- loginTitleTest -->
        <test-method is-config="true" signature="cleanUp()[pri:0, instance:testHome.HomePageTest@2df3b89c]" started-at="2021-01-13T18:15:50 EST" name="cleanUp" finished-at="2021-01-13T18:15:51 EST" duration-ms="896" status="PASS">
          <reporter-output>
          </reporter-output>
        </test-method> <!-- cleanUp -->
      </class> <!-- testHome.HomePageTest -->
    </test> <!-- Smoke -->
  </suite> <!-- All Test Suite -->
</testng-results>
